{"level":"info","message":"Updating status to online the instance named a1db8364-965c-4edb-86fd-cd118bf493f7","service":"bot","timestamp":"2023-05-07T23:50:14.369Z"}
{"level":"info","message":"Uploading new qrcode to the instance name a1db8364-965c-4edb-86fd-cd118bf493f7","service":"bot","timestamp":"2023-05-07T23:50:16.154Z"}
{"level":"info","message":"Notify new message recieve in instance named a1db8364-965c-4edb-86fd-cd118bf493f7","service":"bot","timestamp":"2023-05-07T23:51:51.652Z"}
{"level":"info","message":"Notify new message recieve in instance named a1db8364-965c-4edb-86fd-cd118bf493f7","service":"bot","timestamp":"2023-05-07T23:51:51.656Z"}
{"level":"info","message":"Notify new message recieve in instance named a1db8364-965c-4edb-86fd-cd118bf493f7","service":"bot","timestamp":"2023-05-07T23:51:51.671Z"}
{"level":"info","message":"Notify new message recieve in instance named a1db8364-965c-4edb-86fd-cd118bf493f7","service":"bot","timestamp":"2023-05-07T23:51:51.674Z"}
{"level":"info","message":"Notify new message recieve in instance named a1db8364-965c-4edb-86fd-cd118bf493f7","service":"bot","timestamp":"2023-05-07T23:51:51.675Z"}
{"level":"info","message":"Notify new message recieve in instance named a1db8364-965c-4edb-86fd-cd118bf493f7","service":"bot","timestamp":"2023-05-07T23:51:51.678Z"}
{"level":"info","message":"Notify new message recieve in instance named a1db8364-965c-4edb-86fd-cd118bf493f7","service":"bot","timestamp":"2023-05-07T23:51:51.680Z"}
{"level":"info","message":"Notify new message recieve in instance named a1db8364-965c-4edb-86fd-cd118bf493f7","service":"bot","timestamp":"2023-05-07T23:51:51.682Z"}
{"level":"info","message":"Notify new message recieve in instance named a1db8364-965c-4edb-86fd-cd118bf493f7","service":"bot","timestamp":"2023-05-07T23:51:51.683Z"}
{"level":"info","message":"Notify new message recieve in instance named a1db8364-965c-4edb-86fd-cd118bf493f7","service":"bot","timestamp":"2023-05-07T23:51:51.685Z"}
{"level":"info","message":"Notify new message recieve in instance named a1db8364-965c-4edb-86fd-cd118bf493f7","service":"bot","timestamp":"2023-05-07T23:51:51.687Z"}
{"level":"info","message":"Notify new message recieve in instance named a1db8364-965c-4edb-86fd-cd118bf493f7","service":"bot","timestamp":"2023-05-07T23:51:51.689Z"}
{"level":"info","message":"Notify new message recieve in instance named a1db8364-965c-4edb-86fd-cd118bf493f7","service":"bot","timestamp":"2023-05-07T23:51:51.691Z"}
{"level":"info","message":"Notify new message recieve in instance named a1db8364-965c-4edb-86fd-cd118bf493f7","service":"bot","timestamp":"2023-05-07T23:51:51.694Z"}
{"level":"info","message":"Notify new message recieve in instance named a1db8364-965c-4edb-86fd-cd118bf493f7","service":"bot","timestamp":"2023-05-07T23:51:51.697Z"}
{"level":"info","message":"Notify new message recieve in instance named a1db8364-965c-4edb-86fd-cd118bf493f7","service":"bot","timestamp":"2023-05-07T23:51:51.699Z"}
{"level":"info","message":"Notify new message recieve in instance named a1db8364-965c-4edb-86fd-cd118bf493f7","service":"bot","timestamp":"2023-05-07T23:51:51.701Z"}
{"level":"info","message":"Notify new message recieve in instance named a1db8364-965c-4edb-86fd-cd118bf493f7","service":"bot","timestamp":"2023-05-07T23:51:51.703Z"}
{"level":"info","message":"Notify new message recieve in instance named a1db8364-965c-4edb-86fd-cd118bf493f7","service":"bot","timestamp":"2023-05-07T23:51:51.704Z"}
{"level":"info","message":"Notify new message recieve in instance named a1db8364-965c-4edb-86fd-cd118bf493f7","service":"bot","timestamp":"2023-05-07T23:51:51.706Z"}
{"level":"info","message":"Notify new message recieve in instance named a1db8364-965c-4edb-86fd-cd118bf493f7","service":"bot","timestamp":"2023-05-07T23:51:51.707Z"}
{"level":"info","message":"Notify new message recieve in instance named a1db8364-965c-4edb-86fd-cd118bf493f7","service":"bot","timestamp":"2023-05-07T23:51:51.709Z"}
{"level":"info","message":"Notify new message recieve in instance named a1db8364-965c-4edb-86fd-cd118bf493f7","service":"bot","timestamp":"2023-05-07T23:51:51.711Z"}
{"level":"info","message":"Notify new message recieve in instance named a1db8364-965c-4edb-86fd-cd118bf493f7","service":"bot","timestamp":"2023-05-07T23:51:51.713Z"}
{"level":"info","message":"Notify new message recieve in instance named a1db8364-965c-4edb-86fd-cd118bf493f7","service":"bot","timestamp":"2023-05-07T23:51:51.715Z"}
{"level":"info","message":"Notify new message recieve in instance named a1db8364-965c-4edb-86fd-cd118bf493f7","service":"bot","timestamp":"2023-05-07T23:51:51.716Z"}
{"level":"info","message":"Notify new message recieve in instance named a1db8364-965c-4edb-86fd-cd118bf493f7","service":"bot","timestamp":"2023-05-07T23:51:51.731Z"}
{"level":"info","message":"Notify new message recieve in instance named a1db8364-965c-4edb-86fd-cd118bf493f7","service":"bot","timestamp":"2023-05-07T23:51:51.733Z"}
{"level":"info","message":"Notify new message recieve in instance named a1db8364-965c-4edb-86fd-cd118bf493f7","service":"bot","timestamp":"2023-05-07T23:51:51.734Z"}
{"level":"info","message":"Notify new message recieve in instance named a1db8364-965c-4edb-86fd-cd118bf493f7","service":"bot","timestamp":"2023-05-07T23:51:51.736Z"}
{"level":"info","message":"Notify new message recieve in instance named a1db8364-965c-4edb-86fd-cd118bf493f7","service":"bot","timestamp":"2023-05-07T23:51:51.737Z"}
{"level":"info","message":"Notify new message recieve in instance named a1db8364-965c-4edb-86fd-cd118bf493f7","service":"bot","timestamp":"2023-05-07T23:51:51.738Z"}
{"level":"info","message":"Notify new message recieve in instance named a1db8364-965c-4edb-86fd-cd118bf493f7","service":"bot","timestamp":"2023-05-07T23:51:51.739Z"}
{"level":"info","message":"Notify new message recieve in instance named a1db8364-965c-4edb-86fd-cd118bf493f7","service":"bot","timestamp":"2023-05-07T23:51:51.741Z"}
{"level":"info","message":"Notify new message recieve in instance named a1db8364-965c-4edb-86fd-cd118bf493f7","service":"bot","timestamp":"2023-05-07T23:51:51.742Z"}
{"level":"info","message":"Notify new message recieve in instance named a1db8364-965c-4edb-86fd-cd118bf493f7","service":"bot","timestamp":"2023-05-07T23:51:51.743Z"}
{"level":"info","message":"Notify new message recieve in instance named a1db8364-965c-4edb-86fd-cd118bf493f7","service":"bot","timestamp":"2023-05-07T23:51:51.744Z"}
{"level":"info","message":"Notify new message recieve in instance named a1db8364-965c-4edb-86fd-cd118bf493f7","service":"bot","timestamp":"2023-05-07T23:51:51.745Z"}
{"level":"info","message":"Notify new message recieve in instance named a1db8364-965c-4edb-86fd-cd118bf493f7","service":"bot","timestamp":"2023-05-07T23:51:51.749Z"}
{"level":"info","message":"Notify new message recieve in instance named a1db8364-965c-4edb-86fd-cd118bf493f7","service":"bot","timestamp":"2023-05-07T23:51:51.750Z"}
{"level":"info","message":"Notify new message recieve in instance named a1db8364-965c-4edb-86fd-cd118bf493f7","service":"bot","timestamp":"2023-05-07T23:51:51.751Z"}
{"level":"info","message":"Notify new message recieve in instance named a1db8364-965c-4edb-86fd-cd118bf493f7","service":"bot","timestamp":"2023-05-07T23:51:51.752Z"}
{"level":"info","message":"Notify new message recieve in instance named a1db8364-965c-4edb-86fd-cd118bf493f7","service":"bot","timestamp":"2023-05-07T23:51:51.753Z"}
{"level":"info","message":"Notify new message recieve in instance named a1db8364-965c-4edb-86fd-cd118bf493f7","service":"bot","timestamp":"2023-05-07T23:51:51.754Z"}
{"level":"info","message":"Notify new message recieve in instance named a1db8364-965c-4edb-86fd-cd118bf493f7","service":"bot","timestamp":"2023-05-07T23:51:51.755Z"}
{"level":"info","message":"Updating status to offline the instance named a1db8364-965c-4edb-86fd-cd118bf493f7","service":"bot","timestamp":"2023-05-07T23:52:10.181Z"}
{"level":"info","message":"Updated status to offline the instance named a1db8364-965c-4edb-86fd-cd118bf493f7","service":"bot","timestamp":"2023-05-07T23:52:11.710Z"}
{"level":"info","message":"Deleting old session to a1db8364-965c-4edb-86fd-cd118bf493f7","service":"bot","timestamp":"2023-05-07T23:52:11.711Z"}
{"level":"info","message":"Deleted old session to a1db8364-965c-4edb-86fd-cd118bf493f7","service":"bot","timestamp":"2023-05-07T23:52:11.760Z"}
